<?xml version="1.0" encoding="UTF-8"?>
<testng-results ignored="0" total="1" passed="1" failed="0" skipped="0">
  <reporter-output>
  </reporter-output>
  <suite started-at="2024-07-15T19:39:33 IST" name="Default suite" finished-at="2024-07-15T19:39:41 IST" duration-ms="7596">
    <groups>
    </groups>
    <test started-at="2024-07-15T19:39:33 IST" name="Default test" finished-at="2024-07-15T19:39:41 IST" duration-ms="7596">
      <class name="demo.test_Automation">
        <test-method is-config="true" signature="Open_Browser()[pri:0, instance:demo.test_Automation@6c1a5b54]" started-at="2024-07-15T19:39:33 IST" name="Open_Browser" finished-at="2024-07-15T19:39:40 IST" duration-ms="7010" status="PASS">
          <reporter-output>
          </reporter-output>
        </test-method> <!-- Open_Browser -->
        <test-method signature="home_Page()[pri:0, instance:demo.test_Automation@6c1a5b54]" started-at="2024-07-15T19:39:40 IST" name="home_Page" finished-at="2024-07-15T19:39:40 IST" duration-ms="84" status="PASS">
          <reporter-output>
          </reporter-output>
        </test-method> <!-- home_Page -->
        <test-method is-config="true" signature="Down()[pri:0, instance:demo.test_Automation@6c1a5b54]" started-at="2024-07-15T19:39:40 IST" name="Down" finished-at="2024-07-15T19:39:41 IST" duration-ms="404" status="PASS">
          <reporter-output>
          </reporter-output>
        </test-method> <!-- Down -->
      </class> <!-- demo.test_Automation -->
    </test> <!-- Default test -->
  </suite> <!-- Default suite -->
</testng-results>
